Traceback (most recent call last):
  File "/home/codespace/.local/lib/python3.12/site-packages/jupyter_core/utils/__init__.py", line 154, in wrapped
    asyncio.get_running_loop()
RuntimeError: no running event loop

During handling of the above exception, another exception occurred:

Traceback (most recent call last):
  File "/usr/local/python/3.12.1/lib/python3.12/site-packages/jupyter_cache/executors/utils.py", line 58, in single_nb_execution
    executenb(
  File "/home/codespace/.local/lib/python3.12/site-packages/nbclient/client.py", line 1319, in execute
    return NotebookClient(nb=nb, resources=resources, km=km, **kwargs).execute()
           ^^^^^^^^^^^^^^^^^^^^^^^^^^^^^^^^^^^^^^^^^^^^^^^^^^^^^^^^^^^^^^^^^^^^^
  File "/home/codespace/.local/lib/python3.12/site-packages/jupyter_core/utils/__init__.py", line 158, in wrapped
    return loop.run_until_complete(inner)
           ^^^^^^^^^^^^^^^^^^^^^^^^^^^^^^
  File "/usr/local/python/3.12.1/lib/python3.12/asyncio/base_events.py", line 684, in run_until_complete
    return future.result()
           ^^^^^^^^^^^^^^^
  File "/home/codespace/.local/lib/python3.12/site-packages/nbclient/client.py", line 709, in async_execute
    await self.async_execute_cell(
  File "/home/codespace/.local/lib/python3.12/site-packages/nbclient/client.py", line 1062, in async_execute_cell
    await self._check_raise_for_error(cell, cell_index, exec_reply)
  File "/home/codespace/.local/lib/python3.12/site-packages/nbclient/client.py", line 918, in _check_raise_for_error
    raise CellExecutionError.from_cell_and_msg(cell, exec_reply_content)
nbclient.exceptions.CellExecutionError: An error occurred while executing the following cell:
------------------
import requests
from bs4 import BeautifulSoup
from urllib.parse import urljoin
import pandas as pd
import time
from tqdm import tqdm

base_url = "https://pta.trunojoyo.ac.id/c_search/byprod/7/"
detail_base = "https://pta.trunojoyo.ac.id"

total_pages = 207

abstrak_list = []

for page in tqdm(range(1, total_pages + 1), desc="Mengambil halaman"):
    url = f"{base_url}{page}"
    r = requests.get(url)
    soup = BeautifulSoup(r.text, "html.parser")

    links = soup.select("ul.items.list_style li a.gray.button")

    for link in links:
        detail_url = urljoin(detail_base, link["href"])
        try:
            r_detail = requests.get(detail_url)
            soup_detail = BeautifulSoup(r_detail.text, "html.parser")

            abstrak_tag = soup_detail.find("p", {"align": "justify"})
            if abstrak_tag:
                abstrak = abstrak_tag.text.strip()
                abstrak_list.append(abstrak)
        except Exception as e:
            print(f" Gagal ambil {detail_url}: {e}")

df = pd.DataFrame({"abstrak_raw": abstrak_list})
df.to_csv("pta_manajemen_raw.csv", index=False, encoding="utf-8", sep="\t")

print(f"Selesai! Total abstrak diambil: {len(abstrak_list)}")
print("Disimpan ke pta_manajemen_raw.csv")

------------------


[31m---------------------------------------------------------------------------[39m
[31mModuleNotFoundError[39m                       Traceback (most recent call last)
[36mCell[39m[36m [39m[32mIn[3][39m[32m, line 6[39m
[32m      4[39m [38;5;28;01mimport[39;00m[38;5;250m [39m[34;01mpandas[39;00m[38;5;250m [39m[38;5;28;01mas[39;00m[38;5;250m [39m[34;01mpd[39;00m
[32m      5[39m [38;5;28;01mimport[39;00m[38;5;250m [39m[34;01mtime[39;00m
[32m----> [39m[32m6[39m [38;5;28;01mfrom[39;00m[38;5;250m [39m[34;01mtqdm[39;00m[38;5;250m [39m[38;5;28;01mimport[39;00m tqdm
[32m      8[39m base_url = [33m"[39m[33mhttps://pta.trunojoyo.ac.id/c_search/byprod/7/[39m[33m"[39m
[32m      9[39m detail_base = [33m"[39m[33mhttps://pta.trunojoyo.ac.id[39m[33m"[39m

[31mModuleNotFoundError[39m: No module named 'tqdm'

