Traceback (most recent call last):
  File "/home/codespace/.local/lib/python3.12/site-packages/jupyter_core/utils/__init__.py", line 154, in wrapped
    asyncio.get_running_loop()
RuntimeError: no running event loop

During handling of the above exception, another exception occurred:

Traceback (most recent call last):
  File "/usr/local/python/3.12.1/lib/python3.12/site-packages/jupyter_cache/executors/utils.py", line 58, in single_nb_execution
    executenb(
  File "/home/codespace/.local/lib/python3.12/site-packages/nbclient/client.py", line 1319, in execute
    return NotebookClient(nb=nb, resources=resources, km=km, **kwargs).execute()
           ^^^^^^^^^^^^^^^^^^^^^^^^^^^^^^^^^^^^^^^^^^^^^^^^^^^^^^^^^^^^^^^^^^^^^
  File "/home/codespace/.local/lib/python3.12/site-packages/jupyter_core/utils/__init__.py", line 158, in wrapped
    return loop.run_until_complete(inner)
           ^^^^^^^^^^^^^^^^^^^^^^^^^^^^^^
  File "/usr/local/python/3.12.1/lib/python3.12/asyncio/base_events.py", line 684, in run_until_complete
    return future.result()
           ^^^^^^^^^^^^^^^
  File "/home/codespace/.local/lib/python3.12/site-packages/nbclient/client.py", line 709, in async_execute
    await self.async_execute_cell(
  File "/home/codespace/.local/lib/python3.12/site-packages/nbclient/client.py", line 1062, in async_execute_cell
    await self._check_raise_for_error(cell, cell_index, exec_reply)
  File "/home/codespace/.local/lib/python3.12/site-packages/nbclient/client.py", line 918, in _check_raise_for_error
    raise CellExecutionError.from_cell_and_msg(cell, exec_reply_content)
nbclient.exceptions.CellExecutionError: An error occurred while executing the following cell:
------------------
import requests
import pandas as pd
from google.colab import files  # untuk download CSV

# API Springer
API_KEY = "99d0b72ecaa3adcb617eb084ed046cf2"
URL = "http://api.springernature.com/meta/v2/json"

# Kata kunci pencarian
keywords = ["web mining", "web usage mining", "data mining"]

# List untuk menampung semua hasil
all_records = []

for keyword in keywords:
    params = {
        "q": keyword,
        "api_key": API_KEY,
        "p": 20   # jumlah record per query
    }

    response = requests.get(URL, params=params)

    if response.status_code == 200:
        data = response.json()
        print(f"Kata kunci '{keyword}' - total hasil: {data['result'][0]['total']}")

        for record in data["records"]:
            all_records.append({
                "keyword": keyword,
                "doi": record.get("doi", "N/A"),
                "title": record.get("title", "No title"),
                "publicationName": record.get("publicationName", "N/A"),
                "abstract": record.get("abstract", "No abstract"),
                "url": record.get("url", [{}])[0].get("value", "N/A")
            })
    else:
        print("Error:", response.status_code, response.text)

# Simpan ke CSV
df = pd.DataFrame(all_records)
csv_filename = "springer_crawling.csv"
df.to_csv(csv_filename, index=False, encoding="utf-8-sig")

print("\nData berhasil disimpan ke springer_crawling.csv")

# 🔽 Download langsung di Colab
files.download(csv_filename)

------------------


[31m---------------------------------------------------------------------------[39m
[31mModuleNotFoundError[39m                       Traceback (most recent call last)
[36mCell[39m[36m [39m[32mIn[2][39m[32m, line 3[39m
[32m      1[39m [38;5;28;01mimport[39;00m[38;5;250m [39m[34;01mrequests[39;00m
[32m      2[39m [38;5;28;01mimport[39;00m[38;5;250m [39m[34;01mpandas[39;00m[38;5;250m [39m[38;5;28;01mas[39;00m[38;5;250m [39m[34;01mpd[39;00m
[32m----> [39m[32m3[39m [38;5;28;01mfrom[39;00m[38;5;250m [39m[34;01mgoogle[39;00m[34;01m.[39;00m[34;01mcolab[39;00m[38;5;250m [39m[38;5;28;01mimport[39;00m files  [38;5;66;03m# untuk download CSV[39;00m
[32m      5[39m [38;5;66;03m# API Springer[39;00m
[32m      6[39m API_KEY = [33m"[39m[33m99d0b72ecaa3adcb617eb084ed046cf2[39m[33m"[39m

[31mModuleNotFoundError[39m: No module named 'google'

